Edit Log for 8E0909518AK_Race_Mode.bin created by TunerPro.
**************************************************************************
02/03/2026 23:30:39  Table:     MLHFM changed.
02/03/2026 23:31:25  Scalar:    VMAXNB [MPH] changed from 128.13  (0x6680) to 204.40  (0xA382).
02/03/2026 23:35:34  Scalar:    VMAXNB [MPH] changed from 204.40  (0xA382) to 300.00  (0xEFFC).
02/03/2026 23:35:40  Scalar:    VMAXPNG [KPH] changed from 200.01  (0x6400) to 300.00  (0x95FE).
02/03/2026 23:35:45  Scalar:    VMAXNIV [KPH] changed from 150.01  (0x4B00) to 300.00  (0x95FE).
02/03/2026 23:37:15  Scalar:    NMAX changed from 6800.00  (0x6A40) to 7000.00  (0x6D60).
02/03/2026 23:37:53  Scalar:    NMAXF changed from 7100.00  (0x6EF0) to 7300.00  (0x7210).
02/03/2026 23:38:59  Table:     MSLUB changed.
02/03/2026 23:39:28  Table:     MSLBAS changed.
02/03/2026 23:39:46  Scalar:    FKHABMN changed from 0.101556  (0x1A) to 0.000000  (0x00).
02/03/2026 23:40:25  Table:     KRKTE changed.
02/03/2026 23:53:48  Table:     KFLDRL [INVERTED] changed.
02/03/2026 23:57:24  Table:     NDLDRAPU changed.
02/03/2026 23:57:57  Table:     KFDMDARO changed.
02/04/2026 00:40:28  Table:     LAMFA changed.
02/04/2026 01:23:32  Table:     MLHFM changed.
02/04/2026 01:37:54  Table:     TVUB changed.
02/04/2026 21:31:45  Table:     KFLDRL changed.
02/05/2026 22:36:12  Table:     KFLDRL [INVERTED] changed.
02/05/2026 22:43:40  Table:     LDRXN [PSI] changed.
02/05/2026 23:17:59  Table:     KFLDHBN PSI changed.
02/07/2026 10:32:01  Table:     MLHFM changed.
02/07/2026 10:33:36  Scalar:    NWPMBBR changed from 1200.0  (0x1E) to 10200.0  (0xFF).
02/07/2026 10:33:53  Scalar:    VWPMBBR changed from 3.75  (0x03) to 318.75  (0xFF).
02/07/2026 10:39:08  Table:     MLHFM changed.
